<?xml version="1.0" encoding="UTF-8"?>
<!-- Generated by org.testng.reporters.JUnitReportReporter -->
<testsuite skipped="0" hostname="houlouki-N73SV" name="com.topjavatutorial.model.MineTest" tests="1" failures="0" timestamp="26 avr. 2017 14:46:31 GMT" time="0.006" errors="0">
  <testcase name="extract" time="0.006" classname="com.topjavatutorial.model.MineTest"/>
</testsuite> <!-- com.topjavatutorial.model.MineTest -->
